TN:
SF:backend\middleware\authMiddleware.js
FN:7,(anonymous_0)
FN:11,(anonymous_1)
FN:21,(anonymous_2)
FN:89,(anonymous_3)
FNF:4
FNH:3
FNDA:1,(anonymous_0)
FNDA:0,(anonymous_1)
FNDA:8,(anonymous_2)
FNDA:6,(anonymous_3)
DA:5,4
DA:7,4
DA:8,1
DA:9,1
DA:11,0
DA:12,0
DA:13,0
DA:14,0
DA:18,0
DA:21,4
DA:24,8
DA:28,7
DA:29,7
DA:30,7
DA:33,6
DA:36,6
DA:37,1
DA:38,1
DA:40,1
DA:44,6
DA:45,0
DA:48,6
DA:49,6
DA:51,1
DA:52,1
DA:56,8
DA:57,1
DA:58,1
DA:59,0
DA:60,0
DA:62,0
DA:64,0
DA:65,0
DA:66,0
DA:67,0
DA:71,0
DA:72,0
DA:75,0
DA:76,0
DA:78,0
DA:79,0
DA:84,8
DA:85,1
DA:89,4
DA:90,6
DA:91,5
DA:93,1
LF:47
LH:28
BRDA:9,0,0,1
BRDA:9,0,1,0
BRDA:13,1,0,0
BRDA:13,1,1,0
BRDA:24,2,0,7
BRDA:24,2,1,1
BRDA:25,3,0,8
BRDA:25,3,1,7
BRDA:36,4,0,1
BRDA:36,4,1,5
BRDA:38,5,0,1
BRDA:38,5,1,0
BRDA:44,6,0,0
BRDA:44,6,1,6
BRDA:56,7,0,1
BRDA:56,7,1,7
BRDA:58,8,0,0
BRDA:58,8,1,1
BRDA:64,9,0,0
BRDA:64,9,1,0
BRDA:66,10,0,0
BRDA:66,10,1,0
BRDA:71,11,0,0
BRDA:71,11,1,0
BRDA:84,12,0,1
BRDA:84,12,1,7
BRDA:90,13,0,5
BRDA:90,13,1,1
BRDA:90,14,0,6
BRDA:90,14,1,6
BRF:30
BRH:18
end_of_record
TN:
SF:backend\routes\assessmentTypeRoutes.js
FN:10,(anonymous_0)
FN:22,(anonymous_1)
FN:37,(anonymous_2)
FNF:3
FNH:3
FNDA:2,(anonymous_0)
FNDA:2,(anonymous_1)
FNDA:2,(anonymous_2)
DA:5,1
DA:10,1
DA:11,2
DA:12,2
DA:13,1
DA:15,1
DA:22,1
DA:23,2
DA:24,2
DA:25,2
DA:26,1
DA:28,1
DA:30,0
DA:37,1
DA:38,2
DA:39,2
DA:41,2
DA:47,2
DA:48,1
DA:50,1
LF:20
LH:19
BRDA:25,0,0,1
BRDA:25,0,1,1
BRDA:44,1,0,2
BRDA:44,1,1,1
BRF:4
BRH:4
end_of_record
TN:
SF:backend\routes\authRoutes.js
FN:13,(anonymous_0)
FN:14,(anonymous_1)
FN:15,(anonymous_2)
FN:16,(anonymous_3)
FN:17,(anonymous_4)
FN:19,(anonymous_5)
FN:27,(anonymous_6)
FN:35,(anonymous_7)
FN:39,(anonymous_8)
FN:59,(anonymous_9)
FN:83,(anonymous_10)
FN:136,(anonymous_11)
FN:165,(anonymous_12)
FN:173,(anonymous_13)
FNF:14
FNH:12
FNDA:3,(anonymous_0)
FNDA:10,(anonymous_1)
FNDA:11,(anonymous_2)
FNDA:3,(anonymous_3)
FNDA:9,(anonymous_4)
FNDA:4,(anonymous_5)
FNDA:3,(anonymous_6)
FNDA:4,(anonymous_7)
FNDA:6,(anonymous_8)
FNDA:1,(anonymous_9)
FNDA:3,(anonymous_10)
FNDA:6,(anonymous_11)
FNDA:0,(anonymous_12)
FNDA:0,(anonymous_13)
DA:8,1
DA:9,1
DA:10,1
DA:11,1
DA:13,3
DA:14,10
DA:15,11
DA:16,3
DA:17,9
DA:19,4
DA:27,3
DA:35,1
DA:36,4
DA:39,1
DA:40,6
DA:41,6
DA:42,5
DA:44,5
DA:45,2
DA:51,2
DA:52,1
DA:56,5
DA:59,1
DA:60,1
DA:61,1
DA:63,1
DA:64,0
DA:67,1
DA:68,1
DA:69,1
DA:73,1
DA:75,0
DA:76,0
DA:83,1
DA:84,3
DA:85,3
DA:86,3
DA:87,3
DA:89,3
DA:90,3
DA:91,0
DA:94,3
DA:95,0
DA:98,3
DA:99,0
DA:102,3
DA:104,2
DA:105,1
DA:108,1
DA:115,1
DA:116,1
DA:117,1
DA:118,1
DA:125,0
DA:128,1
DA:129,1
DA:136,1
DA:137,6
DA:138,6
DA:139,6
DA:141,6
DA:142,6
DA:143,0
DA:146,6
DA:147,1
DA:150,5
DA:152,4
DA:153,3
DA:154,3
DA:155,3
DA:157,1
DA:160,1
DA:161,1
DA:165,1
DA:166,0
DA:170,0
DA:173,1
DA:174,0
DA:175,0
LF:79
LH:67
BRDA:13,0,0,3
BRDA:13,0,1,0
BRDA:14,1,0,10
BRDA:14,1,1,0
BRDA:15,2,0,11
BRDA:15,2,1,0
BRDA:16,3,0,3
BRDA:16,3,1,0
BRDA:17,4,0,9
BRDA:17,4,1,0
BRDA:29,5,0,3
BRDA:29,5,1,1
BRDA:40,6,0,6
BRDA:40,6,1,0
BRDA:42,7,0,3
BRDA:42,7,1,2
BRDA:44,8,0,2
BRDA:44,8,1,3
BRDA:51,9,0,1
BRDA:51,9,1,1
BRDA:60,10,0,1
BRDA:60,10,1,0
BRDA:61,11,0,1
BRDA:61,11,1,0
BRDA:63,12,0,0
BRDA:63,12,1,1
BRDA:69,13,0,1
BRDA:69,13,1,0
BRDA:69,14,0,1
BRDA:69,14,1,1
BRDA:84,15,0,3
BRDA:84,15,1,0
BRDA:90,16,0,0
BRDA:90,16,1,3
BRDA:90,17,0,3
BRDA:90,17,1,3
BRDA:90,17,2,3
BRDA:94,18,0,0
BRDA:94,18,1,3
BRDA:98,19,0,0
BRDA:98,19,1,3
BRDA:104,20,0,1
BRDA:104,20,1,1
BRDA:112,21,0,1
BRDA:112,21,1,1
BRDA:115,22,0,1
BRDA:115,22,1,0
BRDA:137,23,0,6
BRDA:137,23,1,0
BRDA:138,24,0,6
BRDA:138,24,1,0
BRDA:142,25,0,0
BRDA:142,25,1,6
BRDA:142,26,0,6
BRDA:142,26,1,6
BRDA:146,27,0,1
BRDA:146,27,1,5
BRDA:152,28,0,3
BRDA:152,28,1,1
BRDA:152,29,0,4
BRDA:152,29,1,3
BRDA:174,30,0,0
BRDA:174,30,1,0
BRF:63
BRH:43
end_of_record
TN:
SF:backend\routes\contactRoutes.js
FN:6,(anonymous_0)
FN:7,(anonymous_1)
FN:14,(anonymous_2)
FN:22,(anonymous_3)
FN:24,(anonymous_4)
FNF:5
FNH:5
FNDA:10,(anonymous_0)
FNDA:15,(anonymous_1)
FNDA:8,(anonymous_2)
FNDA:4,(anonymous_3)
FNDA:8,(anonymous_4)
DA:4,1
DA:6,10
DA:7,15
DA:8,1
DA:9,1
DA:10,1
DA:11,1
DA:12,1
DA:14,1
DA:15,8
DA:22,4
DA:24,1
DA:25,8
DA:26,8
DA:27,8
DA:28,8
DA:29,8
DA:31,8
DA:32,1
DA:35,7
DA:36,1
DA:39,6
DA:40,0
DA:43,6
DA:44,0
DA:49,6
DA:50,1
DA:55,5
DA:56,1
DA:59,4
DA:60,1
DA:65,3
DA:66,3
DA:67,3
DA:68,3
DA:69,3
DA:71,3
DA:72,1
DA:77,2
DA:78,2
DA:79,2
DA:80,2
DA:82,2
DA:92,2
DA:111,1
DA:112,1
DA:119,0
DA:122,1
DA:124,1
DA:125,1
LF:50
LH:47
BRDA:6,0,0,10
BRDA:6,0,1,0
BRDA:7,1,0,15
BRDA:7,1,1,0
BRDA:15,2,0,8
BRDA:15,2,1,0
BRDA:22,3,0,4
BRDA:22,3,1,3
BRDA:26,4,0,8
BRDA:26,4,1,1
BRDA:27,5,0,8
BRDA:27,5,1,1
BRDA:28,6,0,8
BRDA:28,6,1,1
BRDA:29,7,0,8
BRDA:29,7,1,1
BRDA:31,8,0,1
BRDA:31,8,1,7
BRDA:31,9,0,8
BRDA:31,9,1,7
BRDA:31,9,2,7
BRDA:31,9,3,7
BRDA:35,10,0,1
BRDA:35,10,1,6
BRDA:39,11,0,0
BRDA:39,11,1,6
BRDA:39,12,0,6
BRDA:39,12,1,6
BRDA:43,13,0,0
BRDA:43,13,1,6
BRDA:43,14,0,6
BRDA:43,14,1,6
BRDA:49,15,0,1
BRDA:49,15,1,5
BRDA:49,16,0,6
BRDA:49,16,1,5
BRDA:55,17,0,1
BRDA:55,17,1,4
BRDA:55,18,0,5
BRDA:55,18,1,5
BRDA:55,18,2,5
BRDA:59,19,0,1
BRDA:59,19,1,3
BRDA:65,20,0,3
BRDA:65,20,1,0
BRDA:66,21,0,3
BRDA:66,21,1,0
BRDA:67,22,0,3
BRDA:67,22,1,0
BRDA:68,23,0,3
BRDA:68,23,1,0
BRDA:69,24,0,3
BRDA:69,24,1,0
BRDA:71,25,0,1
BRDA:71,25,1,2
BRF:55
BRH:45
end_of_record
TN:
SF:backend\routes\domainsRoutes.js
FN:10,(anonymous_0)
FN:14,(anonymous_1)
FN:17,(anonymous_2)
FN:23,(anonymous_3)
FN:38,(anonymous_4)
FN:39,(anonymous_5)
FN:51,(anonymous_6)
FN:84,(anonymous_7)
FN:94,(anonymous_8)
FN:114,(anonymous_9)
FN:120,(anonymous_10)
FNF:11
FNH:11
FNDA:4,(anonymous_0)
FNDA:4,(anonymous_1)
FNDA:4,(anonymous_2)
FNDA:3,(anonymous_3)
FNDA:1,(anonymous_4)
FNDA:1,(anonymous_5)
FNDA:3,(anonymous_6)
FNDA:1,(anonymous_7)
FNDA:1,(anonymous_8)
FNDA:1,(anonymous_9)
FNDA:2,(anonymous_10)
DA:7,1
DA:10,1
DA:11,4
DA:12,4
DA:13,4
DA:14,4
DA:17,4
DA:18,4
DA:19,4
DA:20,1
DA:23,3
DA:26,3
DA:27,3
DA:28,3
DA:29,1
DA:31,3
DA:36,3
DA:37,1
DA:38,1
DA:39,1
DA:41,1
DA:42,1
DA:45,0
DA:50,3
DA:53,3
DA:56,3
DA:58,1
DA:61,3
DA:72,3
DA:74,0
DA:75,0
DA:84,1
DA:85,1
DA:86,1
DA:87,1
DA:89,0
DA:94,1
DA:95,1
DA:96,1
DA:97,1
DA:99,1
DA:100,1
DA:102,1
DA:103,1
DA:105,0
DA:106,0
DA:114,1
DA:115,1
DA:116,1
DA:119,1
DA:120,2
DA:123,1
DA:126,1
DA:129,1
DA:131,1
DA:133,0
DA:134,0
LF:57
LH:49
BRDA:19,0,0,1
BRDA:19,0,1,3
BRDA:28,1,0,1
BRDA:28,1,1,2
BRDA:36,2,0,1
BRDA:36,2,1,2
BRDA:36,3,0,3
BRDA:36,3,1,1
BRDA:38,4,0,1
BRDA:38,4,1,0
BRDA:41,5,0,1
BRDA:41,5,1,0
BRDA:56,6,0,1
BRDA:56,6,1,2
BRDA:56,7,0,3
BRDA:56,7,1,2
BRF:16
BRH:14
end_of_record
TN:
SF:backend\services\recommendationEngine.js
FN:9,(anonymous_0)
FN:24,(anonymous_1)
FN:35,(anonymous_2)
FN:46,(anonymous_3)
FNF:4
FNH:4
FNDA:3,(anonymous_0)
FNDA:2,(anonymous_1)
FNDA:4,(anonymous_2)
FNDA:6,(anonymous_3)
DA:9,1
DA:10,3
DA:18,3
DA:20,3
DA:21,2
DA:23,2
DA:24,2
DA:25,2
DA:26,2
DA:34,2
DA:35,4
DA:36,2
DA:37,2
DA:45,2
DA:46,6
DA:47,2
DA:48,2
DA:57,3
LF:18
LH:18
BRDA:20,0,0,2
BRDA:20,0,1,1
BRDA:23,1,0,2
BRDA:23,1,1,0
BRDA:23,2,0,2
BRDA:23,2,1,1
BRDA:25,3,0,2
BRDA:25,3,1,0
BRDA:34,4,0,2
BRDA:34,4,1,0
BRDA:34,5,0,2
BRDA:34,5,1,1
BRDA:36,6,0,2
BRDA:36,6,1,0
BRDA:45,7,0,2
BRDA:45,7,1,0
BRDA:45,8,0,2
BRDA:45,8,1,1
BRDA:47,9,0,2
BRDA:47,9,1,0
BRF:20
BRH:14
end_of_record
