TN:
SF:src\pages\AdminDashboard.jsx
FN:5,AdminDashboard
FN:49,fetchAssessmentTypes
FN:64,fetchOptionSets
FN:79,fetchCategories
FN:94,fetchAnalytics
FN:115,fetchTestHistory
FN:134,fetchDomains
FN:214,fetchQuestions
FN:251,calculateAverages
FN:271,handleTabChange
FN:285,handleEditQuestion
FN:296,handleSaveQuestion
FN:365,handleAddQuestion
FN:435,handleDeleteQuestion
FN:489,handleAddDomain
FN:534,handleDeleteDomain
FN:553,calculateMaxScore
FN:557,calculateMaxScoreByAssessmentType
FN:562,getScoreLevel
FN:580,handleSaveThresholds
FN:630,toggleQuestionExpand
FN:635,handleAddOption
FN:682,handleDeleteOption
FN:711,getQuestionOptions
FN:799,renderQuestions
FN:811,onClick
FN:824,onClick
FN:942,onChange
FN:955,onChange
FN:985,onChange
FN:1014,onChange
FN:1021,onChange
FN:1026,onClick
FN:1029,onClick
FN:1040,onClick
FN:1117,onClick
FN:1197,renderTestHistory
FN:1220,formatDate
FN:1261,onChange
FN:1267,onChange
FN:1275,onChange
FN:1285,onChange
FN:1377,onClick
FN:1384,onClick
FN:1395,onClick
FN:1401,onClick
FN:1407,onClick
FN:1413,onClick
FN:1429,onClick
FNF:49
FNH:24
FNDA:121,AdminDashboard
FNDA:21,fetchAssessmentTypes
FNDA:21,fetchOptionSets
FNDA:21,fetchCategories
FNDA:21,fetchAnalytics
FNDA:21,fetchTestHistory
FNDA:42,fetchDomains
FNDA:2,fetchQuestions
FNDA:61,calculateAverages
FNDA:16,handleTabChange
FNDA:0,handleEditQuestion
FNDA:0,handleSaveQuestion
FNDA:1,handleAddQuestion
FNDA:0,handleDeleteQuestion
FNDA:3,handleAddDomain
FNDA:0,handleDeleteDomain
FNDA:0,calculateMaxScore
FNDA:11,calculateMaxScoreByAssessmentType
FNDA:0,getScoreLevel
FNDA:0,handleSaveThresholds
FNDA:0,toggleQuestionExpand
FNDA:0,handleAddOption
FNDA:0,handleDeleteOption
FNDA:0,getQuestionOptions
FNDA:46,renderQuestions
FNDA:0,onClick
FNDA:0,onClick
FNDA:1,onChange
FNDA:1,onChange
FNDA:0,onChange
FNDA:19,onChange
FNDA:0,onChange
FNDA:0,onClick
FNDA:4,onClick
FNDA:2,onClick
FNDA:0,onClick
FNDA:9,renderTestHistory
FNDA:4,formatDate
FNDA:0,onChange
FNDA:0,onChange
FNDA:0,onChange
FNDA:0,onChange
FNDA:0,onClick
FNDA:0,onClick
FNDA:0,onClick
FNDA:7,onClick
FNDA:8,onClick
FNDA:1,onClick
FNDA:0,onClick
DA:1,1
DA:2,1
DA:3,1
DA:5,121
DA:6,121
DA:7,121
DA:8,121
DA:9,121
DA:12,121
DA:13,121
DA:14,121
DA:15,121
DA:16,121
DA:17,121
DA:18,121
DA:19,121
DA:21,121
DA:22,121
DA:23,121
DA:25,121
DA:26,121
DA:27,121
DA:29,121
DA:30,121
DA:31,121
DA:32,121
DA:33,121
DA:35,121
DA:36,121
DA:38,121
DA:39,121
DA:40,25
DA:41,4
DA:42,4
DA:43,4
DA:44,121
DA:46,121
DA:47,121
DA:48,121
DA:49,21
DA:50,21
DA:51,21
DA:52,21
DA:53,21
DA:54,21
DA:55,21
DA:56,0
DA:57,0
DA:58,21
DA:59,21
DA:60,121
DA:62,121
DA:63,121
DA:64,21
DA:65,21
DA:66,21
DA:67,21
DA:68,21
DA:69,21
DA:70,21
DA:71,0
DA:72,0
DA:73,21
DA:74,21
DA:75,121
DA:77,121
DA:78,121
DA:79,21
DA:80,21
DA:81,21
DA:82,21
DA:83,21
DA:84,21
DA:85,21
DA:86,0
DA:87,0
DA:88,21
DA:89,21
DA:90,121
DA:92,121
DA:93,121
DA:94,21
DA:95,21
DA:96,21
DA:97,21
DA:98,21
DA:99,21
DA:100,21
DA:101,21
DA:102,21
DA:103,21
DA:104,21
DA:105,21
DA:106,21
DA:107,0
DA:108,0
DA:109,21
DA:110,21
DA:111,121
DA:113,121
DA:114,121
DA:115,21
DA:116,21
DA:117,21
DA:118,21
DA:119,21
DA:120,21
DA:121,21
DA:122,21
DA:123,21
DA:124,0
DA:125,21
DA:126,21
DA:127,21
DA:128,21
DA:129,21
DA:130,121
DA:132,121
DA:133,121
DA:134,42
DA:135,42
DA:136,42
DA:137,42
DA:138,42
DA:139,42
DA:141,42
DA:142,4
DA:143,4
DA:144,4
DA:145,4
DA:146,4
DA:147,4
DA:148,4
DA:149,0
DA:150,0
DA:151,0
DA:152,0
DA:153,0
DA:154,0
DA:155,0
DA:156,0
DA:158,0
DA:159,0
DA:160,0
DA:161,0
DA:162,0
DA:163,0
DA:164,0
DA:166,0
DA:167,0
DA:168,0
DA:169,0
DA:170,0
DA:171,0
DA:172,0
DA:173,0
DA:174,4
DA:175,4
DA:176,0
DA:177,0
DA:179,4
DA:180,4
DA:181,4
DA:182,0
DA:183,0
DA:184,0
DA:185,0
DA:186,0
DA:187,0
DA:188,0
DA:189,0
DA:190,0
DA:192,4
DA:193,4
DA:194,4
DA:195,4
DA:196,4
DA:197,4
DA:198,4
DA:199,4
DA:201,42
DA:202,42
DA:203,0
DA:204,0
DA:205,42
DA:207,42
DA:208,121
DA:210,121
DA:211,121
DA:212,23
DA:214,2
DA:215,2
DA:216,2
DA:217,2
DA:218,2
DA:220,2
DA:221,0
DA:222,0
DA:223,0
DA:224,0
DA:225,0
DA:226,0
DA:227,0
DA:228,0
DA:229,0
DA:230,0
DA:232,2
DA:233,2
DA:234,2
DA:235,2
DA:236,0
DA:237,0
DA:238,2
DA:239,0
DA:240,0
DA:241,2
DA:243,2
DA:244,121
DA:246,121
DA:247,121
DA:249,121
DA:250,121
DA:251,61
DA:252,61
DA:253,61
DA:254,61
DA:255,0
DA:256,0
DA:257,0
DA:259,61
DA:260,61
DA:261,61
DA:262,0
DA:263,0
DA:264,61
DA:266,61
DA:267,121
DA:268,121
DA:271,121
DA:272,16
DA:273,16
DA:274,16
DA:277,121
DA:278,121
DA:279,121
DA:280,121
DA:281,121
DA:282,121
DA:283,121
DA:285,121
DA:286,0
DA:287,0
DA:288,0
DA:289,0
DA:290,0
DA:291,0
DA:292,0
DA:293,0
DA:294,0
DA:296,121
DA:297,0
DA:298,0
DA:299,0
DA:300,0
DA:301,0
DA:302,0
DA:304,0
DA:306,0
DA:307,0
DA:308,0
DA:309,0
DA:310,0
DA:311,0
DA:312,0
DA:313,0
DA:314,0
DA:315,0
DA:316,0
DA:317,0
DA:319,0
DA:320,0
DA:321,0
DA:322,0
DA:323,0
DA:325,0
DA:326,0
DA:328,0
DA:329,0
DA:330,0
DA:331,0
DA:332,0
DA:333,0
DA:334,0
DA:335,0
DA:336,0
DA:337,0
DA:338,0
DA:339,0
DA:340,0
DA:341,0
DA:342,0
DA:343,0
DA:344,0
DA:345,0
DA:346,0
DA:347,0
DA:348,0
DA:349,0
DA:350,0
DA:351,0
DA:352,0
DA:353,0
DA:354,0
DA:355,0
DA:356,0
DA:357,0
DA:358,0
DA:359,0
DA:360,0
DA:361,0
DA:362,0
DA:363,0
DA:365,121
DA:366,1
DA:367,1
DA:368,1
DA:369,0
DA:370,0
DA:371,0
DA:372,0
DA:373,0
DA:374,0
DA:375,0
DA:376,0
DA:377,1
DA:378,1
DA:379,1
DA:380,1
DA:381,1
DA:382,1
DA:383,1
DA:384,1
DA:385,1
DA:387,0
DA:388,0
DA:389,0
DA:390,0
DA:391,0
DA:392,0
DA:394,0
DA:396,0
DA:397,0
DA:398,0
DA:399,1
DA:400,0
DA:401,1
DA:402,0
DA:403,0
DA:405,0
DA:406,0
DA:407,0
DA:408,0
DA:409,0
DA:410,0
DA:411,0
DA:412,0
DA:413,0
DA:414,0
DA:415,0
DA:416,0
DA:417,0
DA:418,0
DA:419,0
DA:420,0
DA:421,0
DA:422,0
DA:423,0
DA:424,0
DA:426,0
DA:427,0
DA:428,0
DA:429,0
DA:430,0
DA:431,0
DA:432,1
DA:433,1
DA:435,121
DA:436,0
DA:438,0
DA:439,0
DA:440,0
DA:441,0
DA:442,0
DA:443,0
DA:444,0
DA:445,0
DA:446,0
DA:447,0
DA:448,0
DA:449,0
DA:450,0
DA:451,0
DA:452,0
DA:453,0
DA:454,0
DA:455,0
DA:456,0
DA:457,0
DA:458,0
DA:459,0
DA:461,0
DA:462,0
DA:463,0
DA:464,0
DA:465,0
DA:467,0
DA:468,0
DA:469,0
DA:470,0
DA:471,0
DA:472,0
DA:473,0
DA:474,0
DA:475,0
DA:476,0
DA:477,0
DA:478,0
DA:479,0
DA:480,0
DA:481,0
DA:482,0
DA:483,0
DA:484,0
DA:485,0
DA:486,0
DA:487,0
DA:489,121
DA:490,3
DA:491,3
DA:493,2
DA:494,2
DA:495,2
DA:497,3
DA:498,3
DA:499,3
DA:500,3
DA:501,3
DA:502,3
DA:503,3
DA:504,3
DA:505,3
DA:506,3
DA:507,3
DA:509,2
DA:510,2
DA:512,3
DA:513,1
DA:514,1
DA:516,1
DA:517,3
DA:518,3
DA:519,3
DA:520,3
DA:521,3
DA:522,3
DA:523,3
DA:524,3
DA:525,3
DA:526,3
DA:527,3
DA:528,0
DA:529,0
DA:530,0
DA:531,3
DA:532,3
DA:534,121
DA:535,0
DA:537,0
DA:538,0
DA:539,0
DA:540,0
DA:541,0
DA:542,0
DA:543,0
DA:544,0
DA:545,0
DA:546,0
DA:547,0
DA:548,0
DA:549,0
DA:550,0
DA:551,0
DA:553,121
DA:554,0
DA:555,0
DA:557,121
DA:558,11
DA:559,11
DA:560,11
DA:562,121
DA:563,0
DA:565,0
DA:566,0
DA:568,0
DA:569,0
DA:570,0
DA:571,0
DA:573,0
DA:574,0
DA:575,0
DA:577,0
DA:578,0
DA:580,121
DA:581,0
DA:582,0
DA:583,0
DA:584,0
DA:585,0
DA:587,0
DA:588,0
DA:589,0
DA:590,0
DA:591,0
DA:592,0
DA:593,0
DA:595,0
DA:596,0
DA:597,0
DA:598,0
DA:599,0
DA:600,0
DA:601,0
DA:602,0
DA:603,0
DA:604,0
DA:605,0
DA:606,0
DA:608,0
DA:609,0
DA:610,0
DA:611,0
DA:612,0
DA:613,0
DA:614,0
DA:615,0
DA:616,0
DA:617,0
DA:618,0
DA:619,0
DA:620,0
DA:622,0
DA:623,0
DA:624,0
DA:625,0
DA:626,0
DA:627,0
DA:628,0
DA:630,121
DA:631,0
DA:632,0
DA:633,0
DA:635,121
DA:636,0
DA:637,0
DA:638,0
DA:639,0
DA:640,0
DA:641,0
DA:642,0
DA:644,0
DA:645,0
DA:646,0
DA:647,0
DA:648,0
DA:649,0
DA:650,0
DA:651,0
DA:652,0
DA:653,0
DA:654,0
DA:655,0
DA:656,0
DA:657,0
DA:658,0
DA:659,0
DA:660,0
DA:662,0
DA:663,0
DA:664,0
DA:665,0
DA:666,0
DA:667,0
DA:668,0
DA:669,0
DA:670,0
DA:671,0
DA:672,0
DA:673,0
DA:674,0
DA:675,0
DA:676,0
DA:677,0
DA:678,0
DA:679,0
DA:680,0
DA:682,121
DA:683,0
DA:684,0
DA:685,0
DA:686,0
DA:687,0
DA:688,0
DA:689,0
DA:690,0
DA:692,0
DA:693,0
DA:694,0
DA:695,0
DA:696,0
DA:697,0
DA:698,0
DA:699,0
DA:700,0
DA:701,0
DA:702,0
DA:703,0
DA:704,0
DA:705,0
DA:706,0
DA:707,0
DA:708,0
DA:709,0
DA:711,121
DA:712,0
DA:713,0
DA:714,0
DA:715,0
DA:716,0
DA:718,121
DA:719,121
DA:720,121
DA:722,121
DA:723,121
DA:724,121
DA:725,121
DA:727,121
DA:728,121
DA:729,121
DA:730,121
DA:734,121
DA:735,121
DA:736,121
DA:738,121
DA:739,121
DA:740,121
DA:741,121
DA:745,121
DA:746,121
DA:747,121
DA:749,121
DA:750,121
DA:751,121
DA:752,121
DA:756,121
DA:757,121
DA:758,121
DA:760,121
DA:761,121
DA:762,121
DA:763,121
DA:768,121
DA:769,121
DA:770,121
DA:771,6
DA:772,6
DA:774,0
DA:775,6
DA:776,6
DA:777,0
DA:778,0
DA:779,6
DA:780,6
DA:781,6
DA:783,6
DA:784,6
DA:785,6
DA:786,6
DA:787,6
DA:788,6
DA:790,6
DA:793,6
DA:799,121
DA:800,46
DA:801,46
DA:802,9
DA:803,9
DA:804,0
DA:805,0
DA:806,0
DA:808,9
DA:809,9
DA:810,9
DA:811,9
DA:812,0
DA:813,0
DA:814,0
DA:815,0
DA:816,9
DA:818,9
DA:819,9
DA:820,9
DA:822,9
DA:823,9
DA:824,9
DA:825,0
DA:826,0
DA:827,0
DA:828,0
DA:829,0
DA:830,9
DA:832,9
DA:836,9
DA:837,9
DA:838,9
DA:840,9
DA:841,9
DA:842,9
DA:843,0
DA:844,0
DA:845,0
DA:848,0
DA:851,9
DA:852,9
DA:853,0
DA:854,0
DA:855,0
DA:856,0
DA:857,0
DA:858,0
DA:860,0
DA:861,0
DA:862,0
DA:863,0
DA:864,0
DA:865,0
DA:866,0
DA:867,0
DA:868,0
DA:869,0
DA:871,0
DA:872,0
DA:873,0
DA:874,0
DA:875,0
DA:876,0
DA:877,0
DA:878,0
DA:879,0
DA:883,0
DA:884,0
DA:885,0
DA:889,0
DA:890,0
DA:891,0
DA:892,0
DA:894,0
DA:896,0
DA:897,0
DA:898,0
DA:900,0
DA:901,0
DA:905,0
DA:906,0
DA:907,0
DA:908,0
DA:909,0
DA:912,0
DA:913,0
DA:914,0
DA:916,0
DA:917,0
DA:918,0
DA:919,0
DA:930,0
DA:934,0
DA:937,9
DA:938,9
DA:939,9
DA:940,9
DA:941,9
DA:942,9
DA:943,9
DA:945,9
DA:946,9
DA:947,9
DA:948,9
DA:953,9
DA:954,9
DA:955,9
DA:956,9
DA:958,9
DA:959,9
DA:960,9
DA:961,9
DA:967,9
DA:968,2
DA:969,2
DA:970,2
DA:971,2
DA:972,2
DA:973,2
DA:974,2
DA:975,2
DA:980,2
DA:981,2
DA:983,9
DA:984,9
DA:985,9
DA:986,9
DA:987,9
DA:990,9
DA:991,9
DA:992,9
DA:994,9
DA:1000,9
DA:1002,37
DA:1003,37
DA:1004,37
DA:1005,37
DA:1006,37
DA:1008,37
DA:1009,37
DA:1010,25
DA:1011,25
DA:1012,25
DA:1013,25
DA:1014,25
DA:1015,25
DA:1016,25
DA:1018,25
DA:1019,25
DA:1020,25
DA:1021,25
DA:1022,25
DA:1023,25
DA:1025,25
DA:1026,25
DA:1029,46
DA:1030,46
DA:1035,46
DA:1036,46
DA:1037,46
DA:1038,46
DA:1039,46
DA:1040,46
DA:1041,46
DA:1043,46
DA:1044,46
DA:1045,46
DA:1047,46
DA:1048,46
DA:1049,46
DA:1050,46
DA:1052,46
DA:1053,2
DA:1054,2
DA:1055,0
DA:1056,0
DA:1057,0
DA:1058,0
DA:1061,0
DA:1063,46
DA:1064,46
DA:1073,46
DA:1075,121
DA:1076,121
DA:1077,121
DA:1079,121
DA:1080,121
DA:1081,121
DA:1082,121
DA:1083,121
DA:1084,121
DA:1085,121
DA:1086,121
DA:1087,121
DA:1089,121
DA:1094,121
DA:1095,121
DA:1096,121
DA:1097,121
DA:1098,121
DA:1099,121
DA:1100,121
DA:1101,121
DA:1102,121
DA:1103,121
DA:1104,121
DA:1105,121
DA:1113,121
DA:1114,121
DA:1115,121
DA:1116,121
DA:1117,121
DA:1118,121
DA:1121,121
DA:1127,121
DA:1128,0
DA:1129,0
DA:1130,0
DA:1131,0
DA:1133,0
DA:1134,0
DA:1135,0
DA:1136,0
DA:1138,0
DA:1139,0
DA:1140,0
DA:1141,0
DA:1142,0
DA:1143,0
DA:1144,0
DA:1145,0
DA:1146,0
DA:1147,0
DA:1148,0
DA:1149,0
DA:1150,0
DA:1151,0
DA:1153,0
DA:1154,0
DA:1155,0
DA:1156,0
DA:1157,0
DA:1158,0
DA:1159,0
DA:1160,0
DA:1161,0
DA:1162,0
DA:1163,0
DA:1164,0
DA:1165,0
DA:1166,0
DA:1167,0
DA:1169,0
DA:1172,0
DA:1175,121
DA:1176,121
DA:1177,0
DA:1178,0
DA:1179,0
DA:1180,0
DA:1181,0
DA:1182,0
DA:1185,0
DA:1188,121
DA:1195,121
DA:1197,121
DA:1198,9
DA:1199,9
DA:1200,9
DA:1202,9
DA:1203,4
DA:1204,4
DA:1205,4
DA:1206,4
DA:1208,9
DA:1209,1
DA:1210,1
DA:1211,1
DA:1212,1
DA:1213,0
DA:1214,0
DA:1215,0
DA:1216,0
DA:1217,1
DA:1218,1
DA:1220,9
DA:1221,4
DA:1222,4
DA:1223,4
DA:1224,4
DA:1226,9
DA:1227,9
DA:1229,9
DA:1230,9
DA:1231,9
DA:1233,9
DA:1234,9
DA:1235,9
DA:1236,9
DA:1237,9
DA:1238,9
DA:1241,9
DA:1242,9
DA:1243,9
DA:1244,9
DA:1245,9
DA:1248,9
DA:1249,9
DA:1250,9
DA:1251,9
DA:1252,9
DA:1258,9
DA:1259,9
DA:1260,9
DA:1261,9
DA:1262,9
DA:1263,9
DA:1264,9
DA:1267,9
DA:1268,9
DA:1269,9
DA:1273,9
DA:1274,9
DA:1275,9
DA:1276,9
DA:1277,9
DA:1278,9
DA:1283,9
DA:1284,9
DA:1285,9
DA:1286,9
DA:1287,9
DA:1288,9
DA:1289,9
DA:1296,9
DA:1297,9
DA:1298,1
DA:1300,9
DA:1301,9
DA:1302,9
DA:1303,9
DA:1304,9
DA:1305,9
DA:1306,9
DA:1307,9
DA:1310,9
DA:1311,9
DA:1312,5
DA:1313,5
DA:1316,9
DA:1317,4
DA:1318,4
DA:1319,4
DA:1320,0
DA:1321,0
DA:1322,0
DA:1323,0
DA:1324,0
DA:1325,4
DA:1327,4
DA:1328,4
DA:1329,4
DA:1330,4
DA:1331,4
DA:1332,4
DA:1334,4
DA:1335,4
DA:1336,4
DA:1337,4
DA:1341,4
DA:1342,4
DA:1343,4
DA:1344,4
DA:1345,4
DA:1346,4
DA:1351,4
DA:1352,4
DA:1353,4
DA:1354,4
DA:1356,4
DA:1358,4
DA:1362,4
DA:1370,9
DA:1372,121
DA:1373,121
DA:1374,121
DA:1375,121
DA:1376,121
DA:1377,121
DA:1380,121
DA:1381,121
DA:1382,121
DA:1383,121
DA:1384,121
DA:1387,121
DA:1388,121
DA:1389,121
DA:1392,121
DA:1393,121
DA:1394,121
DA:1395,121
DA:1397,121
DA:1399,121
DA:1400,121
DA:1401,121
DA:1403,121
DA:1405,121
DA:1406,121
DA:1407,121
DA:1409,121
DA:1411,121
DA:1412,121
DA:1413,121
DA:1415,121
DA:1419,121
DA:1420,121
DA:1424,121
DA:1425,121
DA:1426,121
DA:1427,121
DA:1428,121
DA:1429,121
DA:1430,121
DA:1432,121
DA:1434,121
DA:1436,121
DA:1437,121
DA:1438,121
DA:1439,121
DA:1440,121
DA:1445,121
DA:1447,1
LF:1124
LH:608
BRDA:5,0,0,121
BRDA:1382,1,0,0
BRDA:1387,2,0,0
BRDA:1394,3,0,65
BRDA:1394,4,0,56
BRDA:1400,5,0,9
BRDA:1400,6,0,112
BRDA:1406,7,0,46
BRDA:1406,8,0,75
BRDA:1412,9,0,1
BRDA:1412,10,0,120
BRDA:1432,11,0,0
BRDA:1437,12,0,65
BRDA:1438,13,0,9
BRDA:1439,14,0,46
BRDA:1440,15,0,1
BRDA:39,16,0,25
BRDA:40,17,0,4
BRDA:42,18,0,4
BRDA:48,19,0,21
BRDA:49,20,0,21
BRDA:52,21,0,0
BRDA:55,22,0,0
BRDA:63,23,0,21
BRDA:64,24,0,21
BRDA:67,25,0,0
BRDA:70,26,0,0
BRDA:78,27,0,21
BRDA:79,28,0,21
BRDA:82,29,0,0
BRDA:85,30,0,0
BRDA:93,31,0,21
BRDA:94,32,0,21
BRDA:100,33,0,2
BRDA:101,34,0,2
BRDA:102,35,0,2
BRDA:103,36,0,2
BRDA:106,37,0,0
BRDA:114,38,0,21
BRDA:115,39,0,21
BRDA:123,40,0,0
BRDA:133,41,0,42
BRDA:134,42,0,42
BRDA:137,43,0,0
BRDA:139,44,0,0
BRDA:202,45,0,0
BRDA:141,46,0,4
BRDA:142,47,0,0
BRDA:175,48,0,0
BRDA:194,49,0,0
BRDA:195,50,0,0
BRDA:211,51,0,23
BRDA:212,52,0,21
BRDA:212,53,0,2
BRDA:214,54,0,2
BRDA:217,55,0,0
BRDA:238,56,0,0
BRDA:232,57,0,2
BRDA:232,58,0,2
BRDA:235,59,0,0
BRDA:250,60,0,61
BRDA:251,61,0,61
BRDA:254,62,0,0
BRDA:261,63,0,0
BRDA:271,64,0,16
BRDA:365,65,0,1
BRDA:366,66,0,1
BRDA:367,67,0,0
BRDA:368,68,0,0
BRDA:385,69,0,0
BRDA:399,70,0,0
BRDA:401,71,0,0
BRDA:489,72,0,3
BRDA:490,73,0,3
BRDA:491,74,0,1
BRDA:491,75,0,2
BRDA:501,76,0,2
BRDA:507,77,0,2
BRDA:512,78,0,1
BRDA:513,79,0,0
BRDA:513,80,0,0
BRDA:517,81,0,0
BRDA:518,82,0,0
BRDA:518,83,0,0
BRDA:519,84,0,0
BRDA:527,85,0,0
BRDA:523,86,0,1
BRDA:557,87,0,11
BRDA:770,88,0,6
BRDA:771,89,0,0
BRDA:772,90,0,0
BRDA:776,91,0,0
BRDA:781,92,0,0
BRDA:781,93,0,0
BRDA:799,94,0,46
BRDA:801,95,0,9
BRDA:803,96,0,0
BRDA:852,97,0,0
BRDA:941,98,0,3
BRDA:941,99,0,6
BRDA:954,100,0,3
BRDA:954,101,0,6
BRDA:967,102,0,3
BRDA:967,103,0,2
BRDA:984,104,0,3
BRDA:984,105,0,6
BRDA:1000,106,0,37
BRDA:1009,107,0,25
BRDA:802,108,0,9
BRDA:840,109,0,9
BRDA:842,110,0,0
BRDA:942,111,0,1
BRDA:955,112,0,1
BRDA:961,113,0,0
BRDA:967,114,0,2
BRDA:973,115,0,0
BRDA:980,116,0,0
BRDA:968,117,0,2
BRDA:1014,118,0,19
BRDA:1029,119,0,4
BRDA:1040,120,0,2
BRDA:1052,121,0,2
BRDA:1054,122,0,0
BRDA:1127,123,0,0
BRDA:1197,124,0,9
BRDA:1297,125,0,1
BRDA:1311,126,0,5
BRDA:1316,127,0,3
BRDA:1202,128,0,4
BRDA:1203,129,0,0
BRDA:1204,130,0,0
BRDA:1208,131,0,1
BRDA:1212,132,0,0
BRDA:1217,133,0,0
BRDA:1220,134,0,4
BRDA:1221,135,0,0
BRDA:1226,136,0,4
BRDA:1227,137,0,4
BRDA:1316,138,0,4
BRDA:1317,139,0,0
BRDA:1318,140,0,0
BRDA:1319,141,0,0
BRDA:1336,142,0,0
BRDA:1343,143,0,0
BRDA:1320,144,0,0
BRDA:1401,145,0,7
BRDA:1407,146,0,8
BRDA:1413,147,0,1
BRF:148
BRH:89
end_of_record
TN:
SF:src\pages\AdminLogin.jsx
FN:5,AdminLogin
FN:12,handleInputChange
FN:21,handleSubmit
FN:119,onClick
FNF:4
FNH:4
FNDA:137,AdminLogin
FNDA:109,handleInputChange
FNDA:7,handleSubmit
FNDA:1,onClick
DA:1,1
DA:2,1
DA:3,1
DA:5,137
DA:6,137
DA:7,137
DA:8,137
DA:9,137
DA:10,137
DA:12,137
DA:13,109
DA:14,109
DA:15,109
DA:16,109
DA:17,109
DA:18,109
DA:19,109
DA:21,137
DA:22,7
DA:23,7
DA:25,7
DA:26,0
DA:27,0
DA:28,0
DA:30,7
DA:31,7
DA:32,7
DA:33,7
DA:34,7
DA:35,7
DA:36,7
DA:38,6
DA:39,6
DA:40,6
DA:41,6
DA:42,6
DA:43,6
DA:44,6
DA:45,6
DA:47,6
DA:49,7
DA:50,3
DA:51,2
DA:52,3
DA:53,1
DA:54,1
DA:55,3
DA:56,3
DA:57,3
DA:58,7
DA:59,1
DA:60,1
DA:61,1
DA:62,7
DA:64,137
DA:65,137
DA:66,137
DA:67,137
DA:68,137
DA:69,137
DA:70,137
DA:75,137
DA:76,137
DA:77,137
DA:78,137
DA:82,137
DA:83,137
DA:84,137
DA:85,137
DA:86,137
DA:87,137
DA:88,137
DA:89,137
DA:90,137
DA:91,137
DA:92,137
DA:96,137
DA:97,137
DA:98,137
DA:99,137
DA:100,137
DA:101,137
DA:102,137
DA:103,137
DA:104,137
DA:105,137
DA:106,137
DA:110,137
DA:115,137
DA:116,137
DA:117,137
DA:118,137
DA:119,137
DA:120,137
DA:127,137
DA:131,1
LF:96
LH:93
BRDA:5,0,0,137
BRDA:12,1,0,109
BRDA:14,2,0,109
BRDA:21,3,0,7
BRDA:25,4,0,0
BRDA:36,5,0,6
BRDA:39,6,0,6
BRDA:49,7,0,3
BRDA:50,8,0,2
BRDA:52,9,0,1
BRDA:56,10,0,1
BRDA:58,11,0,1
BRDA:119,12,0,1
BRF:13
BRH:12
end_of_record
TN:
SF:src\pages\Login.jsx
FN:17,capitalizeFirst
FN:25,Login
FN:37,handleInputChange
FN:46,handleSubmit
FN:81,doAuth
FN:294,onClick
FN:306,onClick
FNF:7
FNH:7
FNDA:3,capitalizeFirst
FNDA:111,Login
FNDA:97,handleInputChange
FNDA:3,handleSubmit
FNDA:2,doAuth
FNDA:2,onClick
FNDA:1,onClick
DA:1,1
DA:2,1
DA:3,1
DA:4,1
DA:5,1
DA:6,1
DA:12,1
DA:13,1
DA:14,1
DA:15,1
DA:17,1
DA:18,3
DA:19,3
DA:20,3
DA:21,3
DA:23,1
DA:25,111
DA:26,111
DA:27,111
DA:28,111
DA:29,111
DA:30,111
DA:31,111
DA:32,111
DA:33,111
DA:34,111
DA:35,111
DA:37,111
DA:38,97
DA:39,97
DA:40,97
DA:41,97
DA:42,97
DA:43,97
DA:44,97
DA:46,111
DA:47,3
DA:48,3
DA:49,3
DA:51,3
DA:52,3
DA:54,3
DA:55,0
DA:56,0
DA:57,0
DA:58,0
DA:60,3
DA:61,0
DA:62,0
DA:63,0
DA:64,0
DA:66,3
DA:67,1
DA:68,1
DA:69,1
DA:70,1
DA:72,3
DA:73,0
DA:74,0
DA:75,0
DA:76,0
DA:78,2
DA:79,2
DA:81,2
DA:82,2
DA:83,2
DA:84,1
DA:85,1
DA:86,1
DA:87,1
DA:88,1
DA:89,1
DA:90,1
DA:92,1
DA:94,1
DA:95,1
DA:96,1
DA:97,1
DA:98,1
DA:100,1
DA:101,1
DA:102,1
DA:103,1
DA:104,1
DA:106,1
DA:107,1
DA:108,1
DA:109,1
DA:110,1
DA:111,1
DA:113,1
DA:114,0
DA:115,0
DA:116,1
DA:117,1
DA:118,1
DA:119,1
DA:120,1
DA:121,1
DA:122,1
DA:123,1
DA:125,1
DA:126,1
DA:127,1
DA:128,1
DA:129,1
DA:130,1
DA:131,1
DA:132,0
DA:133,0
DA:134,0
DA:136,0
DA:137,0
DA:138,0
DA:139,0
DA:140,0
DA:141,0
DA:143,1
DA:144,1
DA:145,1
DA:146,1
DA:147,1
DA:148,1
DA:149,1
DA:151,1
DA:152,1
DA:153,1
DA:154,1
DA:155,1
DA:156,2
DA:157,0
DA:158,0
DA:159,0
DA:160,0
DA:161,2
DA:163,2
DA:164,2
DA:166,111
DA:167,111
DA:168,111
DA:169,111
DA:170,111
DA:171,111
DA:172,111
DA:173,36
DA:174,75
DA:178,111
DA:179,111
DA:180,111
DA:181,111
DA:184,111
DA:185,111
DA:186,111
DA:189,111
DA:190,111
DA:191,111
DA:192,111
DA:193,111
DA:194,111
DA:195,111
DA:196,111
DA:197,111
DA:198,111
DA:200,111
DA:201,111
DA:202,111
DA:203,111
DA:204,111
DA:205,111
DA:206,111
DA:207,111
DA:208,111
DA:209,111
DA:215,111
DA:216,111
DA:217,111
DA:218,111
DA:219,111
DA:220,111
DA:221,111
DA:222,111
DA:223,111
DA:224,111
DA:225,111
DA:229,111
DA:230,111
DA:231,111
DA:232,111
DA:233,111
DA:234,111
DA:235,111
DA:236,111
DA:237,111
DA:238,111
DA:239,111
DA:240,111
DA:244,111
DA:245,111
DA:246,111
DA:247,111
DA:248,111
DA:249,111
DA:250,111
DA:251,111
DA:252,111
DA:253,111
DA:255,111
DA:256,111
DA:257,111
DA:258,111
DA:259,111
DA:260,111
DA:261,111
DA:262,111
DA:263,111
DA:264,111
DA:265,111
DA:271,111
DA:272,111
DA:273,111
DA:279,111
DA:280,111
DA:284,111
DA:285,111
DA:288,111
DA:289,111
DA:290,111
DA:291,111
DA:292,111
DA:293,111
DA:294,111
DA:295,2
DA:296,2
DA:297,2
DA:299,111
DA:302,111
DA:303,111
DA:304,111
DA:305,111
DA:306,111
DA:307,111
DA:313,111
DA:314,111
DA:323,111
DA:325,1
LF:245
LH:218
BRDA:17,0,0,3
BRDA:19,1,0,0
BRDA:25,2,0,111
BRDA:170,3,0,36
BRDA:170,4,0,75
BRDA:170,5,0,36
BRDA:170,6,0,75
BRDA:172,7,0,36
BRDA:173,8,0,75
BRDA:171,9,0,36
BRDA:171,10,0,75
BRDA:239,11,0,36
BRDA:239,12,0,75
BRDA:280,13,0,36
BRDA:280,14,0,75
BRDA:290,15,0,36
BRDA:290,16,0,75
BRDA:299,17,0,36
BRDA:299,18,0,75
BRDA:37,19,0,97
BRDA:40,20,0,97
BRDA:46,21,0,3
BRDA:51,22,0,0
BRDA:54,23,0,1
BRDA:54,24,0,0
BRDA:60,25,0,1
BRDA:60,26,0,0
BRDA:66,27,0,2
BRDA:66,28,0,1
BRDA:70,29,0,2
BRDA:72,30,0,1
BRDA:72,31,0,0
BRDA:76,32,0,2
BRDA:79,33,0,2
BRDA:81,34,0,2
BRDA:83,35,0,1
BRDA:131,36,0,0
BRDA:156,37,0,0
BRDA:151,38,0,1
BRDA:294,39,0,2
BRDA:306,40,0,1
BRF:41
BRH:34
end_of_record
TN:
SF:src\pages\Questionnaire.jsx
FN:8,Questionnaire
FN:21,normalize
FN:29,fetchExtraDomains
FN:100,updateAnswers
FN:107,updateDynamicAnswers
FN:140,handleNext
FN:154,handlePrevious
FN:163,isScreenComplete
FN:199,onUpdate
FN:206,onUpdate
FN:214,onUpdate
FN:215,onOptionalUpdate
FN:225,onUpdate
FN:230,onOptionalUpdate
FNF:14
FNH:12
FNDA:37,Questionnaire
FNDA:2,normalize
FNDA:7,fetchExtraDomains
FNDA:9,updateAnswers
FNDA:1,updateDynamicAnswers
FNDA:12,handleNext
FNDA:2,handlePrevious
FNDA:12,isScreenComplete
FNDA:4,onUpdate
FNDA:3,onUpdate
FNDA:2,onUpdate
FNDA:0,onOptionalUpdate
FNDA:1,onUpdate
FNDA:0,onOptionalUpdate
DA:1,1
DA:2,1
DA:3,1
DA:4,1
DA:5,1
DA:6,1
DA:8,37
DA:9,37
DA:10,37
DA:11,37
DA:12,37
DA:13,37
DA:14,37
DA:15,37
DA:16,37
DA:17,37
DA:18,37
DA:20,37
DA:21,7
DA:22,2
DA:23,2
DA:24,2
DA:25,2
DA:26,2
DA:27,2
DA:29,7
DA:30,7
DA:31,7
DA:32,7
DA:33,7
DA:34,7
DA:36,7
DA:37,0
DA:38,0
DA:39,0
DA:41,7
DA:42,7
DA:43,7
DA:44,7
DA:45,7
DA:46,7
DA:48,7
DA:49,7
DA:50,7
DA:51,7
DA:52,7
DA:53,7
DA:54,7
DA:55,7
DA:56,7
DA:57,7
DA:58,7
DA:60,7
DA:61,7
DA:62,2
DA:63,2
DA:64,2
DA:66,1
DA:67,1
DA:68,0
DA:69,2
DA:71,2
DA:72,0
DA:73,0
DA:75,1
DA:76,1
DA:77,1
DA:78,2
DA:80,7
DA:81,7
DA:82,1
DA:83,1
DA:85,7
DA:86,1
DA:87,1
DA:88,1
DA:90,7
DA:91,7
DA:92,0
DA:93,0
DA:94,0
DA:95,7
DA:97,7
DA:98,37
DA:100,37
DA:101,9
DA:102,9
DA:103,9
DA:104,9
DA:105,9
DA:107,37
DA:108,1
DA:109,1
DA:110,1
DA:111,1
DA:112,1
DA:113,1
DA:114,1
DA:115,1
DA:116,1
DA:117,1
DA:118,1
DA:120,37
DA:121,14
DA:122,14
DA:123,14
DA:124,14
DA:125,14
DA:127,14
DA:128,1
DA:129,1
DA:130,1
DA:131,1
DA:133,14
DA:134,37
DA:136,37
DA:137,37
DA:138,37
DA:140,37
DA:141,12
DA:142,2
DA:143,2
DA:144,2
DA:145,10
DA:146,12
DA:147,8
DA:148,8
DA:149,12
DA:150,2
DA:151,2
DA:152,12
DA:154,37
DA:155,2
DA:156,1
DA:157,1
DA:158,1
DA:159,1
DA:160,1
DA:161,2
DA:163,37
DA:164,12
DA:166,12
DA:167,12
DA:168,1
DA:169,11
DA:171,12
DA:172,12
DA:174,37
DA:175,37
DA:176,37
DA:177,37
DA:178,37
DA:179,37
DA:181,37
DA:182,37
DA:183,37
DA:184,37
DA:189,37
DA:190,37
DA:191,37
DA:196,37
DA:197,37
DA:198,37
DA:199,37
DA:200,37
DA:203,37
DA:204,37
DA:205,37
DA:206,37
DA:207,37
DA:210,37
DA:211,37
DA:212,37
DA:213,37
DA:214,37
DA:215,37
DA:216,37
DA:217,37
DA:221,37
DA:222,37
DA:223,37
DA:224,37
DA:225,37
DA:226,1
DA:227,1
DA:228,1
DA:229,37
DA:230,37
DA:231,37
DA:232,37
DA:236,37
DA:237,37
DA:238,37
DA:239,37
DA:241,37
DA:244,37
DA:245,37
DA:246,37
DA:248,37
DA:254,37
DA:256,1
LF:201
LH:192
BRDA:8,0,0,37
BRDA:224,1,0,1
BRDA:241,2,0,20
BRDA:241,3,0,17
BRDA:248,4,0,7
BRDA:248,5,0,30
BRDA:20,6,0,7
BRDA:21,7,0,2
BRDA:22,8,0,0
BRDA:29,9,0,7
BRDA:36,10,0,0
BRDA:44,11,0,6
BRDA:45,12,0,1
BRDA:45,13,0,1
BRDA:45,14,0,6
BRDA:81,15,0,1
BRDA:91,16,0,0
BRDA:44,17,0,1
BRDA:61,18,0,2
BRDA:62,19,0,0
BRDA:64,20,0,1
BRDA:67,21,0,0
BRDA:68,22,0,1
BRDA:71,23,0,1
BRDA:71,24,0,1
BRDA:71,25,0,0
BRDA:73,26,0,1
BRDA:85,27,0,1
BRDA:100,28,0,9
BRDA:101,29,0,9
BRDA:107,30,0,1
BRDA:108,31,0,1
BRDA:120,32,0,14
BRDA:127,33,0,1
BRDA:140,34,0,12
BRDA:141,35,0,2
BRDA:144,36,0,10
BRDA:146,37,0,8
BRDA:149,38,0,2
BRDA:154,39,0,2
BRDA:155,40,0,1
BRDA:163,41,0,12
BRDA:164,42,0,0
BRDA:167,43,0,1
BRDA:168,44,0,0
BRDA:168,45,0,11
BRDA:169,46,0,0
BRDA:199,47,0,4
BRDA:206,48,0,3
BRDA:214,49,0,2
BRDA:225,50,0,1
BRF:51
BRH:42
end_of_record
TN:
SF:src\pages\Results.jsx
FN:5,Results
FN:61,getRiskColor
FNF:2
FNH:2
FNDA:8,Results
FNDA:21,getRiskColor
DA:1,1
DA:2,1
DA:3,1
DA:5,8
DA:6,8
DA:7,1
DA:8,1
DA:9,1
DA:10,1
DA:11,1
DA:12,1
DA:13,1
DA:14,1
DA:19,1
DA:21,7
DA:22,7
DA:23,7
DA:24,7
DA:25,7
DA:26,7
DA:27,7
DA:28,7
DA:29,7
DA:31,7
DA:32,6
DA:33,6
DA:34,1
DA:35,1
DA:36,1
DA:37,1
DA:38,1
DA:39,1
DA:40,1
DA:41,6
DA:42,6
DA:43,7
DA:45,7
DA:47,7
DA:48,6
DA:49,4
DA:50,4
DA:51,4
DA:53,2
DA:54,2
DA:55,1
DA:56,2
DA:58,2
DA:59,7
DA:61,7
DA:62,21
DA:63,21
DA:64,14
DA:65,0
DA:66,0
DA:68,7
DA:69,7
DA:70,8
DA:71,8
DA:72,8
DA:76,8
DA:77,8
DA:78,8
DA:79,8
DA:81,8
DA:82,8
DA:86,8
DA:87,8
DA:88,14
DA:90,14
DA:91,14
DA:92,14
DA:93,14
DA:94,14
DA:95,14
DA:97,14
DA:98,14
DA:99,14
DA:100,14
DA:101,14
DA:102,14
DA:103,14
DA:106,14
DA:107,14
DA:111,14
DA:114,8
DA:115,8
DA:116,8
DA:117,8
DA:118,8
DA:119,8
DA:120,8
DA:121,8
DA:122,8
DA:123,8
DA:131,8
DA:132,8
DA:133,8
DA:134,8
DA:135,8
DA:138,8
DA:144,8
DA:145,8
DA:146,8
DA:150,8
DA:153,8
DA:160,8
DA:162,1
LF:107
LH:105
BRDA:5,0,0,8
BRDA:6,1,0,1
BRDA:19,2,0,7
BRDA:70,3,0,3
BRDA:114,4,0,7
BRDA:31,5,0,6
BRDA:32,6,0,2
BRDA:32,7,0,4
BRDA:32,8,0,2
BRDA:33,9,0,1
BRDA:41,10,0,0
BRDA:47,11,0,6
BRDA:48,12,0,4
BRDA:51,13,0,2
BRDA:54,14,0,1
BRDA:58,15,0,2
BRDA:61,16,0,21
BRDA:62,17,0,0
BRDA:63,18,0,7
BRDA:63,19,0,14
BRDA:64,20,0,0
BRDA:87,21,0,14
BRDA:88,22,0,7
BRDA:88,23,0,7
BRDA:88,24,0,0
BRF:25
BRH:21
end_of_record
TN:
SF:src\pages\UserDashboard.jsx
FN:18,formatDate
FN:29,buildTrendPath
FN:42,capitalizeFirst
FN:48,UserDashboard
FN:70,onClick
FNF:5
FNH:5
FNDA:14,formatDate
FNDA:9,buildTrendPath
FNDA:9,capitalizeFirst
FNDA:9,UserDashboard
FNDA:1,onClick
DA:1,1
DA:2,1
DA:8,1
DA:10,1
DA:11,1
DA:12,1
DA:13,1
DA:14,1
DA:15,1
DA:16,1
DA:18,1
DA:19,14
DA:20,14
DA:21,14
DA:22,14
DA:23,14
DA:24,14
DA:25,14
DA:26,14
DA:27,14
DA:29,1
DA:30,9
DA:31,9
DA:33,8
DA:34,8
DA:35,16
DA:36,16
DA:37,16
DA:38,16
DA:39,8
DA:40,8
DA:42,1
DA:43,9
DA:44,9
DA:45,9
DA:46,9
DA:48,9
DA:49,9
DA:50,9
DA:51,8
DA:52,1
DA:54,9
DA:55,9
DA:56,9
DA:57,9
DA:59,9
DA:60,9
DA:61,9
DA:62,9
DA:63,9
DA:64,14
DA:65,14
DA:66,14
DA:67,14
DA:68,14
DA:69,14
DA:70,14
DA:71,14
DA:75,14
DA:80,9
DA:81,9
DA:82,9
DA:83,9
DA:84,7
DA:85,7
DA:86,7
DA:87,7
DA:88,7
DA:89,7
DA:91,7
DA:92,7
DA:94,7
DA:95,7
DA:96,14
DA:97,14
DA:98,14
DA:99,14
DA:102,14
DA:108,9
DA:113,9
DA:114,9
DA:115,9
DA:116,9
DA:117,9
DA:118,9
DA:119,9
DA:122,9
DA:123,9
DA:124,9
DA:125,9
DA:128,9
DA:129,9
DA:130,9
DA:131,9
DA:132,9
DA:135,9
DA:136,9
DA:138,9
DA:142,9
DA:143,9
DA:144,9
DA:145,9
DA:146,7
DA:147,7
DA:148,7
DA:149,7
DA:150,7
DA:152,7
DA:155,9
DA:156,9
DA:157,9
DA:162,9
DA:163,9
DA:164,9
DA:165,9
DA:166,9
DA:167,9
DA:174,9
DA:175,9
DA:176,9
DA:177,9
DA:178,9
DA:179,9
DA:180,9
DA:183,9
DA:184,9
DA:187,9
DA:192,9
DA:193,9
DA:194,9
DA:197,9
DA:199,1
LF:132
LH:132
BRDA:18,0,0,14
BRDA:29,1,0,9
BRDA:31,2,0,1
BRDA:31,3,0,8
BRDA:34,4,0,16
BRDA:35,5,0,0
BRDA:42,6,0,9
BRDA:44,7,0,0
BRDA:48,8,0,9
BRDA:50,9,0,8
BRDA:51,10,0,1
BRDA:192,11,0,2
BRDA:192,12,0,8
BRDA:193,13,0,2
BRDA:193,14,0,7
BRDA:194,15,0,2
BRDA:194,16,0,8
BRDA:51,17,0,16
BRDA:63,18,0,14
BRDA:64,19,0,0
BRDA:65,20,0,0
BRDA:70,21,0,1
BRDA:83,22,0,7
BRDA:89,23,0,0
BRDA:95,24,0,0
BRDA:95,25,0,14
BRDA:96,26,0,0
BRDA:124,27,0,7
BRDA:124,28,0,1
BRDA:136,29,0,0
BRDA:145,30,0,7
BRF:31
BRH:23
end_of_record
TN:
SF:src\utils\assessment.js
FN:24,getLevel
FN:32,calculateScores
FN:52,buildAssessmentEntry
FN:67,formatDomainName
FN:69,getPositiveMessage
FN:93,getRecommendations
FN:120,getTrendDirection
FNF:7
FNH:7
FNDA:84,getLevel
FNDA:15,calculateScores
FNDA:5,buildAssessmentEntry
FNDA:6,formatDomainName
FNDA:6,getPositiveMessage
FNDA:4,getRecommendations
FNDA:6,getTrendDirection
DA:1,1
DA:2,1
DA:3,1
DA:4,1
DA:5,1
DA:6,1
DA:7,1
DA:9,1
DA:10,1
DA:11,1
DA:12,1
DA:13,1
DA:14,1
DA:16,1
DA:17,1
DA:18,1
DA:19,1
DA:20,1
DA:21,1
DA:22,1
DA:24,1
DA:25,84
DA:26,84
DA:27,84
DA:28,84
DA:29,10
DA:30,10
DA:32,1
DA:33,15
DA:35,15
DA:36,75
DA:37,75
DA:38,75
DA:39,75
DA:41,75
DA:42,75
DA:43,75
DA:44,75
DA:45,75
DA:46,75
DA:48,75
DA:49,15
DA:50,15
DA:52,1
DA:53,5
DA:54,5
DA:55,5
DA:56,5
DA:58,5
DA:59,5
DA:60,5
DA:61,5
DA:62,5
DA:63,5
DA:64,5
DA:65,5
DA:67,1
DA:69,1
DA:70,6
DA:71,2
DA:72,2
DA:74,6
DA:75,1
DA:76,1
DA:78,3
DA:79,3
DA:80,3
DA:82,6
DA:83,1
DA:84,1
DA:86,6
DA:87,1
DA:88,1
DA:90,1
DA:91,1
DA:93,1
DA:94,4
DA:96,4
DA:97,2
DA:98,2
DA:100,4
DA:101,4
DA:102,4
DA:103,4
DA:104,4
DA:106,4
DA:107,2
DA:108,10
DA:109,2
DA:110,2
DA:111,4
DA:113,4
DA:114,4
DA:116,4
DA:117,4
DA:118,4
DA:120,1
DA:121,6
DA:122,2
DA:123,2
DA:125,4
DA:126,6
DA:127,6
DA:128,2
DA:129,2
LF:105
LH:105
BRDA:24,0,0,84
BRDA:26,1,0,67
BRDA:26,2,0,17
BRDA:27,3,0,3
BRDA:27,4,0,14
BRDA:28,5,0,4
BRDA:28,6,0,10
BRDA:32,7,0,15
BRDA:33,8,0,1
BRDA:35,9,0,75
BRDA:36,10,0,59
BRDA:37,11,0,300
BRDA:37,12,0,260
BRDA:52,13,0,5
BRDA:54,14,0,25
BRDA:55,15,0,25
BRDA:67,16,0,6
BRDA:67,17,0,5
BRDA:67,18,0,1
BRDA:69,19,0,6
BRDA:70,20,0,5
BRDA:70,21,0,2
BRDA:72,22,0,4
BRDA:74,23,0,1
BRDA:76,24,0,3
BRDA:82,25,0,1
BRDA:84,26,0,2
BRDA:86,27,0,1
BRDA:93,28,0,4
BRDA:96,29,0,3
BRDA:96,30,0,2
BRDA:100,31,0,0
BRDA:102,32,0,8
BRDA:103,33,0,10
BRDA:104,34,0,6
BRDA:106,35,0,2
BRDA:107,36,0,0
BRDA:107,37,0,10
BRDA:114,38,0,8
BRDA:114,39,0,0
BRDA:114,40,0,0
BRDA:120,41,0,6
BRDA:121,42,0,5
BRDA:121,43,0,2
BRDA:123,44,0,4
BRDA:126,45,0,1
BRDA:126,46,0,3
BRDA:127,47,0,1
BRDA:127,48,0,2
BRF:49
BRH:45
end_of_record
TN:
SF:src\utils\passwordBcrypt.js
FN:5,sha256Hex
FN:12,hashPasswordBcryptForRegister
FN:17,hashPasswordBcryptForLogin
FN:23,hashPasswordBcryptForLegacySha256Login
FNF:4
FNH:2
FNDA:0,sha256Hex
FNDA:1,hashPasswordBcryptForRegister
FNDA:8,hashPasswordBcryptForLogin
FNDA:0,hashPasswordBcryptForLegacySha256Login
DA:1,1
DA:2,1
DA:3,1
DA:4,1
DA:5,1
DA:6,0
DA:7,0
DA:8,0
DA:9,0
DA:10,0
DA:11,1
DA:12,1
DA:13,1
DA:14,1
DA:15,1
DA:16,1
DA:17,1
DA:18,8
DA:19,8
DA:20,8
DA:21,8
DA:22,1
DA:23,1
DA:24,0
DA:25,0
DA:26,0
DA:27,0
LF:27
LH:18
BRDA:12,0,0,1
BRDA:13,1,0,0
BRDA:17,2,0,8
BRDA:18,3,0,0
BRDA:19,4,0,0
BRF:5
BRH:2
end_of_record
TN:
SF:src\utils\userData.js
FN:11,safeParse
FN:19,normalizeIdentifier
FN:21,getStoredUsers
FN:32,setStoredUsers
FN:36,getHistoryKey
FN:38,registerUser
FN:66,authenticateUser
FN:81,setCurrentUser
FN:100,getCurrentUser
FN:102,clearCurrentUser
FN:106,getUserHistory
FN:111,addUserHistoryEntry
FNF:12
FNH:12
FNDA:65,safeParse
FNDA:17,normalizeIdentifier
FNDA:21,getStoredUsers
FNDA:8,setStoredUsers
FNDA:79,getHistoryKey
FNDA:12,registerUser
FNDA:5,authenticateUser
FNDA:2,setCurrentUser
FNDA:3,getCurrentUser
FNDA:1,clearCurrentUser
FNDA:43,getUserHistory
FNDA:40,addUserHistoryEntry
DA:1,1
DA:2,1
DA:3,1
DA:4,1
DA:5,1
DA:6,1
DA:7,1
DA:8,1
DA:9,1
DA:11,1
DA:12,65
DA:13,65
DA:14,65
DA:15,1
DA:16,1
DA:17,65
DA:19,1
DA:21,1
DA:22,21
DA:24,21
DA:25,14
DA:26,14
DA:27,14
DA:29,21
DA:30,21
DA:32,1
DA:33,8
DA:34,8
DA:36,1
DA:38,1
DA:39,12
DA:40,12
DA:42,12
DA:43,3
DA:44,3
DA:46,12
DA:47,1
DA:48,1
DA:50,8
DA:51,8
DA:52,8
DA:53,8
DA:54,8
DA:55,8
DA:57,8
DA:58,8
DA:60,8
DA:61,8
DA:62,8
DA:63,8
DA:64,8
DA:66,1
DA:67,5
DA:68,5
DA:69,5
DA:71,5
DA:72,2
DA:73,2
DA:75,3
DA:76,3
DA:77,3
DA:78,3
DA:79,3
DA:81,1
DA:82,2
DA:83,2
DA:84,2
DA:85,2
DA:86,2
DA:87,2
DA:88,2
DA:89,2
DA:90,2
DA:92,2
DA:93,0
DA:94,0
DA:95,0
DA:97,2
DA:98,2
DA:100,1
DA:102,1
DA:103,1
DA:104,1
DA:106,1
DA:107,43
DA:108,41
DA:109,41
DA:111,1
DA:112,40
DA:114,38
DA:115,38
DA:116,38
DA:117,38
DA:118,38
LF:94
LH:91
BRDA:11,0,0,65
BRDA:13,1,0,47
BRDA:13,2,0,18
BRDA:14,3,0,1
BRDA:19,4,0,17
BRDA:19,5,0,1
BRDA:21,6,0,21
BRDA:24,7,0,14
BRDA:32,8,0,8
BRDA:36,9,0,79
BRDA:38,10,0,12
BRDA:42,11,0,11
BRDA:42,12,0,10
BRDA:42,13,0,3
BRDA:44,14,0,9
BRDA:46,15,0,1
BRDA:48,16,0,8
BRDA:66,17,0,5
BRDA:71,18,0,4
BRDA:71,19,0,2
BRDA:73,20,0,3
BRDA:81,21,0,2
BRDA:84,22,0,0
BRDA:90,23,0,0
BRDA:92,24,0,0
BRDA:100,25,0,3
BRDA:102,26,0,1
BRDA:106,27,0,43
BRDA:107,28,0,2
BRDA:107,29,0,41
BRDA:111,30,0,40
BRDA:112,31,0,39
BRDA:112,32,0,2
BRDA:112,33,0,38
BRF:34
BRH:31
end_of_record
